{"C:\\Users\\MierL\\Documents\\workstation\\assessments\\backpaddock\\mier-backpaddock\\src\\features\\countries\\countries.actions.ts": {"path":"C:\\Users\\MierL\\Documents\\workstation\\assessments\\backpaddock\\mier-backpaddock\\src\\features\\countries\\countries.actions.ts","statementMap":{"0":{"start":{"line":5,"column":31},"end":{"line":7,"column":null}},"1":{"start":{"line":9,"column":26},"end":{"line":9,"column":null}},"2":{"start":{"line":11,"column":29},"end":{"line":13,"column":null}},"3":{"start":{"line":15,"column":29},"end":{"line":15,"column":null}},"4":{"start":{"line":17,"column":30},"end":{"line":20,"column":null}}},"fnMap":{},"branchMap":{},"s":{"0":1,"1":1,"2":1,"3":1,"4":1},"f":{},"b":{},"meta":{"lastBranch":0,"lastFunction":0,"lastStatement":5,"seen":{"s:5:31:7:Infinity":0,"s:9:26:9:Infinity":1,"s:11:29:13:Infinity":2,"s:15:29:15:Infinity":3,"s:17:30:20:Infinity":4},"fnNames":{}}}
,"C:\\Users\\MierL\\Documents\\workstation\\assessments\\backpaddock\\mier-backpaddock\\src\\features\\countries\\countries.service.ts": {"path":"C:\\Users\\MierL\\Documents\\workstation\\assessments\\backpaddock\\mier-backpaddock\\src\\features\\countries\\countries.service.ts","statementMap":{"0":{"start":{"line":15,"column":17},"end":{"line":15,"column":null}},"1":{"start":{"line":25,"column":19},"end":{"line":27,"column":null}},"2":{"start":{"line":29,"column":2},"end":{"line":29,"column":null}},"3":{"start":{"line":33,"column":19},"end":{"line":35,"column":null}},"4":{"start":{"line":37,"column":18},"end":{"line":39,"column":null}},"5":{"start":{"line":38,"column":14},"end":{"line":38,"column":null}},"6":{"start":{"line":41,"column":2},"end":{"line":43,"column":null}},"7":{"start":{"line":42,"column":4},"end":{"line":42,"column":null}},"8":{"start":{"line":45,"column":2},"end":{"line":45,"column":null}}},"fnMap":{"0":{"name":"searchCountries","decl":{"start":{"line":22,"column":22},"end":{"line":22,"column":38}},"loc":{"start":{"line":24,"column":53},"end":{"line":30,"column":null}},"line":24},"1":{"name":"getCountryByCode","decl":{"start":{"line":32,"column":22},"end":{"line":32,"column":39}},"loc":{"start":{"line":32,"column":74},"end":{"line":46,"column":null}},"line":32},"2":{"name":"(anonymous_2)","decl":{"start":{"line":37,"column":40},"end":{"line":37,"column":null}},"loc":{"start":{"line":38,"column":14},"end":{"line":38,"column":null}},"line":38}},"branchMap":{"0":{"loc":{"start":{"line":41,"column":2},"end":{"line":43,"column":null}},"type":"if","locations":[{"start":{"line":41,"column":2},"end":{"line":43,"column":null}},{"start":{},"end":{}}],"line":41}},"s":{"0":1,"1":1,"2":1,"3":2,"4":2,"5":1,"6":2,"7":1,"8":1},"f":{"0":1,"1":2,"2":1},"b":{"0":[1,1]},"meta":{"lastBranch":1,"lastFunction":3,"lastStatement":9,"seen":{"s:15:17:15:Infinity":0,"f:22:22:22:38":0,"s:25:19:27:Infinity":1,"s:29:2:29:Infinity":2,"f:32:22:32:39":1,"s:33:19:35:Infinity":3,"s:37:18:39:Infinity":4,"f:37:40:37:Infinity":2,"s:38:14:38:Infinity":5,"b:41:2:43:Infinity:undefined:undefined:undefined:undefined":0,"s:41:2:43:Infinity":6,"s:42:4:42:Infinity":7,"s:45:2:45:Infinity":8},"fnNames":{}}}
,"C:\\Users\\MierL\\Documents\\workstation\\assessments\\backpaddock\\mier-backpaddock\\src\\features\\countries\\countries.slice.ts": {"path":"C:\\Users\\MierL\\Documents\\workstation\\assessments\\backpaddock\\mier-backpaddock\\src\\features\\countries\\countries.slice.ts","statementMap":{"0":{"start":{"line":28,"column":37},"end":{"line":36,"column":null}},"1":{"start":{"line":38,"column":23},"end":{"line":137,"column":null}},"2":{"start":{"line":46,"column":6},"end":{"line":46,"column":null}},"3":{"start":{"line":47,"column":6},"end":{"line":47,"column":null}},"4":{"start":{"line":51,"column":6},"end":{"line":51,"column":null}},"5":{"start":{"line":52,"column":6},"end":{"line":52,"column":null}},"6":{"start":{"line":56,"column":6},"end":{"line":56,"column":null}},"7":{"start":{"line":60,"column":6},"end":{"line":60,"column":null}},"8":{"start":{"line":62,"column":21},"end":{"line":64,"column":null}},"9":{"start":{"line":63,"column":21},"end":{"line":63,"column":null}},"10":{"start":{"line":66,"column":6},"end":{"line":68,"column":null}},"11":{"start":{"line":67,"column":8},"end":{"line":67,"column":null}},"12":{"start":{"line":72,"column":6},"end":{"line":72,"column":null}},"13":{"start":{"line":73,"column":6},"end":{"line":73,"column":null}},"14":{"start":{"line":77,"column":6},"end":{"line":77,"column":null}},"15":{"start":{"line":79,"column":22},"end":{"line":81,"column":null}},"16":{"start":{"line":80,"column":18},"end":{"line":80,"column":null}},"17":{"start":{"line":83,"column":6},"end":{"line":85,"column":null}},"18":{"start":{"line":84,"column":8},"end":{"line":84,"column":null}},"19":{"start":{"line":87,"column":6},"end":{"line":87,"column":null}},"20":{"start":{"line":88,"column":6},"end":{"line":88,"column":null}},"21":{"start":{"line":92,"column":6},"end":{"line":92,"column":null}},"22":{"start":{"line":93,"column":6},"end":{"line":93,"column":null}},"23":{"start":{"line":97,"column":6},"end":{"line":99,"column":null}},"24":{"start":{"line":98,"column":21},"end":{"line":98,"column":null}},"25":{"start":{"line":102,"column":6},"end":{"line":102,"column":null}},"26":{"start":{"line":104,"column":20},"end":{"line":106,"column":null}},"27":{"start":{"line":105,"column":15},"end":{"line":105,"column":null}},"28":{"start":{"line":108,"column":6},"end":{"line":110,"column":null}},"29":{"start":{"line":109,"column":8},"end":{"line":109,"column":null}},"30":{"start":{"line":114,"column":6},"end":{"line":114,"column":null}},"31":{"start":{"line":115,"column":6},"end":{"line":115,"column":null}},"32":{"start":{"line":119,"column":4},"end":{"line":135,"column":null}},"33":{"start":{"line":121,"column":8},"end":{"line":121,"column":null}},"34":{"start":{"line":122,"column":8},"end":{"line":122,"column":null}},"35":{"start":{"line":125,"column":8},"end":{"line":125,"column":null}},"36":{"start":{"line":126,"column":8},"end":{"line":126,"column":null}},"37":{"start":{"line":129,"column":8},"end":{"line":129,"column":null}},"38":{"start":{"line":130,"column":8},"end":{"line":130,"column":null}},"39":{"start":{"line":133,"column":8},"end":{"line":133,"column":null}},"40":{"start":{"line":134,"column":8},"end":{"line":134,"column":null}},"41":{"start":{"line":154,"column":4},"end":{"line":154,"column":null}}},"fnMap":{"0":{"name":"searchCountriesSuccess","decl":{"start":{"line":45,"column":4},"end":{"line":45,"column":27}},"loc":{"start":{"line":45,"column":74},"end":{"line":48,"column":null}},"line":45},"1":{"name":"searchCountriesFailure","decl":{"start":{"line":50,"column":4},"end":{"line":50,"column":27}},"loc":{"start":{"line":50,"column":65},"end":{"line":53,"column":null}},"line":50},"2":{"name":"clearSearchResults","decl":{"start":{"line":55,"column":4},"end":{"line":55,"column":23}},"loc":{"start":{"line":55,"column":30},"end":{"line":57,"column":null}},"line":55},"3":{"name":"addCountrySuccess","decl":{"start":{"line":59,"column":4},"end":{"line":59,"column":22}},"loc":{"start":{"line":59,"column":64},"end":{"line":69,"column":null}},"line":59},"4":{"name":"(anonymous_4)","decl":{"start":{"line":62,"column":34},"end":{"line":62,"column":null}},"loc":{"start":{"line":63,"column":21},"end":{"line":63,"column":null}},"line":63},"5":{"name":"addCountryFailure","decl":{"start":{"line":71,"column":4},"end":{"line":71,"column":22}},"loc":{"start":{"line":71,"column":60},"end":{"line":74,"column":null}},"line":71},"6":{"name":"updateCountrySuccess","decl":{"start":{"line":76,"column":4},"end":{"line":76,"column":25}},"loc":{"start":{"line":76,"column":77},"end":{"line":89,"column":null}},"line":76},"7":{"name":"(anonymous_7)","decl":{"start":{"line":79,"column":35},"end":{"line":79,"column":null}},"loc":{"start":{"line":80,"column":18},"end":{"line":80,"column":null}},"line":80},"8":{"name":"updateCountryFailure","decl":{"start":{"line":91,"column":4},"end":{"line":91,"column":25}},"loc":{"start":{"line":91,"column":63},"end":{"line":94,"column":null}},"line":91},"9":{"name":"removeCountry","decl":{"start":{"line":96,"column":4},"end":{"line":96,"column":18}},"loc":{"start":{"line":96,"column":33},"end":{"line":100,"column":null}},"line":96},"10":{"name":"(anonymous_10)","decl":{"start":{"line":97,"column":34},"end":{"line":97,"column":null}},"loc":{"start":{"line":98,"column":21},"end":{"line":98,"column":null}},"line":98},"11":{"name":"replaceCountrySuccess","decl":{"start":{"line":101,"column":4},"end":{"line":101,"column":26}},"loc":{"start":{"line":101,"column":79},"end":{"line":111,"column":null}},"line":101},"12":{"name":"(anonymous_12)","decl":{"start":{"line":104,"column":33},"end":{"line":104,"column":null}},"loc":{"start":{"line":105,"column":15},"end":{"line":105,"column":null}},"line":105},"13":{"name":"replaceCountryFailure","decl":{"start":{"line":113,"column":4},"end":{"line":113,"column":26}},"loc":{"start":{"line":113,"column":64},"end":{"line":116,"column":null}},"line":113},"14":{"name":"(anonymous_14)","decl":{"start":{"line":118,"column":2},"end":{"line":118,"column":18}},"loc":{"start":{"line":118,"column":30},"end":{"line":136,"column":null}},"line":118},"15":{"name":"(anonymous_15)","decl":{"start":{"line":120,"column":15},"end":{"line":120,"column":33}},"loc":{"start":{"line":120,"column":43},"end":{"line":123,"column":7}},"line":120},"16":{"name":"(anonymous_16)","decl":{"start":{"line":124,"column":15},"end":{"line":124,"column":28}},"loc":{"start":{"line":124,"column":38},"end":{"line":127,"column":7}},"line":124},"17":{"name":"(anonymous_17)","decl":{"start":{"line":128,"column":15},"end":{"line":128,"column":31}},"loc":{"start":{"line":128,"column":41},"end":{"line":131,"column":7}},"line":128},"18":{"name":"(anonymous_18)","decl":{"start":{"line":132,"column":15},"end":{"line":132,"column":32}},"loc":{"start":{"line":132,"column":42},"end":{"line":135,"column":7}},"line":132}},"branchMap":{"0":{"loc":{"start":{"line":66,"column":6},"end":{"line":68,"column":null}},"type":"if","locations":[{"start":{"line":66,"column":6},"end":{"line":68,"column":null}},{"start":{},"end":{}}],"line":66},"1":{"loc":{"start":{"line":83,"column":6},"end":{"line":85,"column":null}},"type":"if","locations":[{"start":{"line":83,"column":6},"end":{"line":85,"column":null}},{"start":{},"end":{}}],"line":83},"2":{"loc":{"start":{"line":108,"column":6},"end":{"line":110,"column":null}},"type":"if","locations":[{"start":{"line":108,"column":6},"end":{"line":110,"column":null}},{"start":{},"end":{}}],"line":108}},"s":{"0":1,"1":1,"2":1,"3":1,"4":1,"5":1,"6":0,"7":6,"8":6,"9":1,"10":6,"11":5,"12":1,"13":1,"14":1,"15":1,"16":1,"17":1,"18":0,"19":1,"20":1,"21":1,"22":1,"23":1,"24":1,"25":1,"26":1,"27":1,"28":1,"29":1,"30":1,"31":1,"32":1,"33":1,"34":1,"35":1,"36":1,"37":1,"38":1,"39":1,"40":1,"41":1},"f":{"0":1,"1":1,"2":0,"3":6,"4":1,"5":1,"6":1,"7":1,"8":1,"9":1,"10":1,"11":1,"12":1,"13":1,"14":1,"15":1,"16":1,"17":1,"18":1},"b":{"0":[5,1],"1":[0,1],"2":[1,0]},"meta":{"lastBranch":3,"lastFunction":19,"lastStatement":42,"seen":{"s:28:37:36:Infinity":0,"s:38:23:137:Infinity":1,"f:45:4:45:27":0,"s:46:6:46:Infinity":2,"s:47:6:47:Infinity":3,"f:50:4:50:27":1,"s:51:6:51:Infinity":4,"s:52:6:52:Infinity":5,"f:55:4:55:23":2,"s:56:6:56:Infinity":6,"f:59:4:59:22":3,"s:60:6:60:Infinity":7,"s:62:21:64:Infinity":8,"f:62:34:62:Infinity":4,"s:63:21:63:Infinity":9,"b:66:6:68:Infinity:undefined:undefined:undefined:undefined":0,"s:66:6:68:Infinity":10,"s:67:8:67:Infinity":11,"f:71:4:71:22":5,"s:72:6:72:Infinity":12,"s:73:6:73:Infinity":13,"f:76:4:76:25":6,"s:77:6:77:Infinity":14,"s:79:22:81:Infinity":15,"f:79:35:79:Infinity":7,"s:80:18:80:Infinity":16,"b:83:6:85:Infinity:undefined:undefined:undefined:undefined":1,"s:83:6:85:Infinity":17,"s:84:8:84:Infinity":18,"s:87:6:87:Infinity":19,"s:88:6:88:Infinity":20,"f:91:4:91:25":8,"s:92:6:92:Infinity":21,"s:93:6:93:Infinity":22,"f:96:4:96:18":9,"s:97:6:99:Infinity":23,"f:97:34:97:Infinity":10,"s:98:21:98:Infinity":24,"f:101:4:101:26":11,"s:102:6:102:Infinity":25,"s:104:20:106:Infinity":26,"f:104:33:104:Infinity":12,"s:105:15:105:Infinity":27,"b:108:6:110:Infinity:undefined:undefined:undefined:undefined":2,"s:108:6:110:Infinity":28,"s:109:8:109:Infinity":29,"f:113:4:113:26":13,"s:114:6:114:Infinity":30,"s:115:6:115:Infinity":31,"f:118:2:118:18":14,"s:119:4:135:Infinity":32,"f:120:15:120:33":15,"s:121:8:121:Infinity":33,"s:122:8:122:Infinity":34,"f:124:15:124:28":16,"s:125:8:125:Infinity":35,"s:126:8:126:Infinity":36,"f:128:15:128:31":17,"s:129:8:129:Infinity":37,"s:130:8:130:Infinity":38,"f:132:15:132:32":18,"s:133:8:133:Infinity":39,"s:134:8:134:Infinity":40,"s:154:4:154:Infinity":41},"fnNames":{}}}
,"C:\\Users\\MierL\\Documents\\workstation\\assessments\\backpaddock\\mier-backpaddock\\src\\features\\countries\\utils\\country.mapper.ts": {"path":"C:\\Users\\MierL\\Documents\\workstation\\assessments\\backpaddock\\mier-backpaddock\\src\\features\\countries\\utils\\country.mapper.ts","statementMap":{"0":{"start":{"line":21,"column":2},"end":{"line":25,"column":null}},"1":{"start":{"line":29,"column":2},"end":{"line":35,"column":null}}},"fnMap":{"0":{"name":"toCountryOption","decl":{"start":{"line":20,"column":16},"end":{"line":20,"column":32}},"loc":{"start":{"line":20,"column":69},"end":{"line":26,"column":null}},"line":20},"1":{"name":"toCountryRow","decl":{"start":{"line":28,"column":16},"end":{"line":28,"column":29}},"loc":{"start":{"line":28,"column":63},"end":{"line":36,"column":null}},"line":28}},"branchMap":{"0":{"loc":{"start":{"line":24,"column":13},"end":{"line":24,"column":null}},"type":"binary-expr","locations":[{"start":{"line":24,"column":13},"end":{"line":24,"column":37}},{"start":{"line":24,"column":37},"end":{"line":24,"column":null}}],"line":24},"1":{"loc":{"start":{"line":32,"column":13},"end":{"line":32,"column":null}},"type":"binary-expr","locations":[{"start":{"line":32,"column":13},"end":{"line":32,"column":37}},{"start":{"line":32,"column":37},"end":{"line":32,"column":null}}],"line":32}},"s":{"0":3,"1":2},"f":{"0":3,"1":2},"b":{"0":[3,1],"1":[2,0]},"meta":{"lastBranch":2,"lastFunction":2,"lastStatement":2,"seen":{"f:20:16:20:32":0,"s:21:2:25:Infinity":0,"b:24:13:24:37:24:37:24:Infinity":0,"f:28:16:28:29":1,"s:29:2:35:Infinity":1,"b:32:13:32:37:32:37:32:Infinity":1},"fnNames":{}}}
}
